<?xml version="1.0" encoding="UTF-8"?>
<!-- Generated by org.testng.reporters.JUnitXMLReporter -->
<testsuite ignored="0" hostname="admin-PC" failures="0" tests="2" name="Test" time="347.432" errors="0" timestamp="2024-01-09T16:26:27 IST">
  <testcase classname="coverFoxTest.CF_TC555_Validate_search_results_for_healthcare_policies" name="validateTestPlanFromTextAndBanners" time="28.582"/>
  <testcase classname="coverFoxTest.CF_TC556_ValidatePincodeErrorMassage" name="validateErrorMassage" time="2.633"/>
</testsuite> <!-- Test -->
