<?xml version="1.0" encoding="UTF-8"?>
<testng-results ignored="0" total="1" passed="1" failed="0" skipped="0">
  <reporter-output>
    <line>
      <![CDATA[Launching browser ]]>
    </line>
    <line>
      <![CDATA[clicking on gender button]]>
    </line>
    <line>
      <![CDATA[clicking on next button]]>
    </line>
    <line>
      <![CDATA[Handling age drop down]]>
    </line>
    <line>
      <![CDATA[Reading data from excelSheet]]>
    </line>
    <line>
      <![CDATA[clicking on next button]]>
    </line>
    <line>
      <![CDATA[Entering pin code]]>
    </line>
    <line>
      <![CDATA[Reading data from excelSheet]]>
    </line>
    <line>
      <![CDATA[Entering mobile num]]>
    </line>
    <line>
      <![CDATA[Reading data from excelSheet]]>
    </line>
    <line>
      <![CDATA[clicking on continue button]]>
    </line>
    <line>
      <![CDATA[fetching number of result from text]]>
    </line>
    <line>
      <![CDATA[fetching number of result from Banners]]>
    </line>
    <line>
      <![CDATA[TC is passed]]>
    </line>
    <line>
      <![CDATA[Taking ScreenShot]]>
    </line>
    <line>
      <![CDATA[Saved ScreenShot atC:\Users\admin\Desktop\SreenShot\coverfoxCF_TC555_2024.02.21.14.59.53.png]]>
    </line>
    <line>
      <![CDATA[Closing browser ]]>
    </line>
  </reporter-output>
  <suite started-at="2024-02-21T14:54:21 IST" name="Default suite" finished-at="2024-02-21T15:00:09 IST" duration-ms="347105">
    <groups>
    </groups>
    <test started-at="2024-02-21T14:54:21 IST" name="Default test" finished-at="2024-02-21T15:00:09 IST" duration-ms="347105">
      <class name="coverFoxTest.CF_TC555_Validate_search_results_for_healthcare_policies">
        <test-method is-config="true" signature="launchBrowser()[pri:0, instance:coverFoxTest.CF_TC555_Validate_search_results_for_healthcare_policies@217ed35e]" started-at="2024-02-21T14:54:22 IST" name="launchBrowser" finished-at="2024-02-21T14:58:38 IST" duration-ms="256749" status="PASS">
          <reporter-output>
            <line>
              <![CDATA[Launching browser ]]>
            </line>
          </reporter-output>
        </test-method> <!-- launchBrowser -->
        <test-method is-config="true" signature="enterMemberDetails()[pri:0, instance:coverFoxTest.CF_TC555_Validate_search_results_for_healthcare_policies@217ed35e]" started-at="2024-02-21T14:58:41 IST" name="enterMemberDetails" finished-at="2024-02-21T14:59:35 IST" duration-ms="53814" status="PASS">
          <reporter-output>
            <line>
              <![CDATA[clicking on gender button]]>
            </line>
            <line>
              <![CDATA[clicking on next button]]>
            </line>
            <line>
              <![CDATA[Handling age drop down]]>
            </line>
            <line>
              <![CDATA[Reading data from excelSheet]]>
            </line>
            <line>
              <![CDATA[clicking on next button]]>
            </line>
            <line>
              <![CDATA[Entering pin code]]>
            </line>
            <line>
              <![CDATA[Reading data from excelSheet]]>
            </line>
            <line>
              <![CDATA[Entering mobile num]]>
            </line>
            <line>
              <![CDATA[Reading data from excelSheet]]>
            </line>
            <line>
              <![CDATA[clicking on continue button]]>
            </line>
          </reporter-output>
        </test-method> <!-- enterMemberDetails -->
        <test-method signature="validateTestPlanFromTextAndBanners()[pri:0, instance:coverFoxTest.CF_TC555_Validate_search_results_for_healthcare_policies@217ed35e]" started-at="2024-02-21T14:59:35 IST" name="validateTestPlanFromTextAndBanners" finished-at="2024-02-21T14:59:54 IST" duration-ms="18865" status="PASS">
          <reporter-output>
            <line>
              <![CDATA[fetching number of result from text]]>
            </line>
            <line>
              <![CDATA[fetching number of result from Banners]]>
            </line>
            <line>
              <![CDATA[TC is passed]]>
            </line>
            <line>
              <![CDATA[Taking ScreenShot]]>
            </line>
            <line>
              <![CDATA[Saved ScreenShot atC:\Users\admin\Desktop\SreenShot\coverfoxCF_TC555_2024.02.21.14.59.53.png]]>
            </line>
          </reporter-output>
        </test-method> <!-- validateTestPlanFromTextAndBanners -->
        <test-method is-config="true" signature="closeBrowser()[pri:0, instance:coverFoxTest.CF_TC555_Validate_search_results_for_healthcare_policies@217ed35e]" started-at="2024-02-21T14:59:54 IST" name="closeBrowser" finished-at="2024-02-21T15:00:08 IST" duration-ms="14651" status="PASS">
          <reporter-output>
            <line>
              <![CDATA[Closing browser ]]>
            </line>
          </reporter-output>
        </test-method> <!-- closeBrowser -->
      </class> <!-- coverFoxTest.CF_TC555_Validate_search_results_for_healthcare_policies -->
    </test> <!-- Default test -->
  </suite> <!-- Default suite -->
</testng-results>
